[0.412s] DEBUG:colcon:Command line arguments: ['/usr/bin/colcon', 'build', '--symlink-install', '--packages-select', 'mks_motor_control']
[0.412s] DEBUG:colcon:Parsed command line arguments: Namespace(log_base=None, log_level=None, verb_name='build', build_base='build', install_base='install', merge_install=False, symlink_install=True, test_result_base=None, continue_on_error=False, executor='parallel', parallel_workers=4, event_handlers=None, ignore_user_meta=False, metas=['./colcon.meta'], base_paths=['.'], packages_ignore=None, packages_ignore_regex=None, paths=None, packages_up_to=None, packages_up_to_regex=None, packages_above=None, packages_above_and_dependencies=None, packages_above_depth=None, packages_select_by_dep=None, packages_skip_by_dep=None, packages_skip_up_to=None, packages_select_build_failed=False, packages_skip_build_finished=False, packages_select_test_failures=False, packages_skip_test_passed=False, packages_select=['mks_motor_control'], packages_skip=None, packages_select_regex=None, packages_skip_regex=None, packages_start=None, packages_end=None, allow_overriding=[], cmake_args=None, cmake_target=None, cmake_target_skip_unavailable=False, cmake_clean_cache=False, cmake_clean_first=False, cmake_force_configure=False, ament_cmake_args=None, catkin_cmake_args=None, catkin_skip_building_tests=False, verb_parser=<colcon_defaults.argument_parser.defaults.DefaultArgumentsDecorator object at 0xffff94f1a980>, verb_extension=<colcon_core.verb.build.BuildVerb object at 0xffff9506c4c0>, main=<bound method BuildVerb.main of <colcon_core.verb.build.BuildVerb object at 0xffff9506c4c0>>)
[1.086s] Level 1:colcon.colcon_core.package_discovery:discover_packages(colcon_meta) check parameters
[1.087s] Level 1:colcon.colcon_core.package_discovery:discover_packages(recursive) check parameters
[1.087s] Level 1:colcon.colcon_core.package_discovery:discover_packages(ignore) check parameters
[1.087s] Level 1:colcon.colcon_core.package_discovery:discover_packages(path) check parameters
[1.087s] Level 1:colcon.colcon_core.package_discovery:discover_packages(colcon_meta) discover
[1.087s] Level 1:colcon.colcon_core.package_discovery:discover_packages(recursive) discover
[1.088s] INFO:colcon.colcon_core.package_discovery:Crawling recursively for packages in '/home/jarek/ros2_ws'
[1.088s] Level 1:colcon.colcon_core.package_identification:_identify(.) by extensions ['ignore', 'ignore_ament_install']
[1.089s] Level 1:colcon.colcon_core.package_identification:_identify(.) by extension 'ignore'
[1.089s] Level 1:colcon.colcon_core.package_identification:_identify(.) by extension 'ignore_ament_install'
[1.089s] Level 1:colcon.colcon_core.package_identification:_identify(.) by extensions ['colcon_pkg']
[1.090s] Level 1:colcon.colcon_core.package_identification:_identify(.) by extension 'colcon_pkg'
[1.090s] Level 1:colcon.colcon_core.package_identification:_identify(.) by extensions ['colcon_meta']
[1.090s] Level 1:colcon.colcon_core.package_identification:_identify(.) by extension 'colcon_meta'
[1.090s] Level 1:colcon.colcon_core.package_identification:_identify(.) by extensions ['ros']
[1.090s] Level 1:colcon.colcon_core.package_identification:_identify(.) by extension 'ros'
[1.139s] Level 1:colcon.colcon_core.package_identification:_identify(.) by extensions ['cmake', 'python']
[1.139s] Level 1:colcon.colcon_core.package_identification:_identify(.) by extension 'cmake'
[1.139s] Level 1:colcon.colcon_core.package_identification:_identify(.) by extension 'python'
[1.139s] Level 1:colcon.colcon_core.package_identification:_identify(.) by extensions ['python_setup_py']
[1.139s] Level 1:colcon.colcon_core.package_identification:_identify(.) by extension 'python_setup_py'
[1.140s] Level 1:colcon.colcon_core.package_identification:_identify(build) by extensions ['ignore', 'ignore_ament_install']
[1.140s] Level 1:colcon.colcon_core.package_identification:_identify(build) by extension 'ignore'
[1.140s] Level 1:colcon.colcon_core.package_identification:_identify(build) ignored
[1.141s] Level 1:colcon.colcon_core.package_identification:_identify(install) by extensions ['ignore', 'ignore_ament_install']
[1.141s] Level 1:colcon.colcon_core.package_identification:_identify(install) by extension 'ignore'
[1.141s] Level 1:colcon.colcon_core.package_identification:_identify(install) ignored
[1.142s] Level 1:colcon.colcon_core.package_identification:_identify(log) by extensions ['ignore', 'ignore_ament_install']
[1.142s] Level 1:colcon.colcon_core.package_identification:_identify(log) by extension 'ignore'
[1.142s] Level 1:colcon.colcon_core.package_identification:_identify(log) ignored
[1.143s] Level 1:colcon.colcon_core.package_identification:_identify(src) by extensions ['ignore', 'ignore_ament_install']
[1.143s] Level 1:colcon.colcon_core.package_identification:_identify(src) by extension 'ignore'
[1.143s] Level 1:colcon.colcon_core.package_identification:_identify(src) by extension 'ignore_ament_install'
[1.143s] Level 1:colcon.colcon_core.package_identification:_identify(src) by extensions ['colcon_pkg']
[1.143s] Level 1:colcon.colcon_core.package_identification:_identify(src) by extension 'colcon_pkg'
[1.144s] Level 1:colcon.colcon_core.package_identification:_identify(src) by extensions ['colcon_meta']
[1.144s] Level 1:colcon.colcon_core.package_identification:_identify(src) by extension 'colcon_meta'
[1.144s] Level 1:colcon.colcon_core.package_identification:_identify(src) by extensions ['ros']
[1.144s] Level 1:colcon.colcon_core.package_identification:_identify(src) by extension 'ros'
[1.144s] Level 1:colcon.colcon_core.package_identification:_identify(src) by extensions ['cmake', 'python']
[1.144s] Level 1:colcon.colcon_core.package_identification:_identify(src) by extension 'cmake'
[1.145s] Level 1:colcon.colcon_core.package_identification:_identify(src) by extension 'python'
[1.145s] Level 1:colcon.colcon_core.package_identification:_identify(src) by extensions ['python_setup_py']
[1.145s] Level 1:colcon.colcon_core.package_identification:_identify(src) by extension 'python_setup_py'
[1.145s] Level 1:colcon.colcon_core.package_identification:_identify(src/mks_motor_control) by extensions ['ignore', 'ignore_ament_install']
[1.146s] Level 1:colcon.colcon_core.package_identification:_identify(src/mks_motor_control) by extension 'ignore'
[1.146s] Level 1:colcon.colcon_core.package_identification:_identify(src/mks_motor_control) by extension 'ignore_ament_install'
[1.146s] Level 1:colcon.colcon_core.package_identification:_identify(src/mks_motor_control) by extensions ['colcon_pkg']
[1.146s] Level 1:colcon.colcon_core.package_identification:_identify(src/mks_motor_control) by extension 'colcon_pkg'
[1.146s] Level 1:colcon.colcon_core.package_identification:_identify(src/mks_motor_control) by extensions ['colcon_meta']
[1.146s] Level 1:colcon.colcon_core.package_identification:_identify(src/mks_motor_control) by extension 'colcon_meta'
[1.147s] Level 1:colcon.colcon_core.package_identification:_identify(src/mks_motor_control) by extensions ['ros']
[1.147s] Level 1:colcon.colcon_core.package_identification:_identify(src/mks_motor_control) by extension 'ros'
[1.155s] DEBUG:colcon.colcon_core.package_identification:Package 'src/mks_motor_control' with type 'ros.ament_python' and name 'mks_motor_control'
[1.155s] Level 1:colcon.colcon_core.package_discovery:discover_packages(recursive) using defaults
[1.155s] Level 1:colcon.colcon_core.package_discovery:discover_packages(ignore) discover
[1.155s] Level 1:colcon.colcon_core.package_discovery:discover_packages(ignore) using defaults
[1.155s] Level 1:colcon.colcon_core.package_discovery:discover_packages(path) discover
[1.155s] Level 1:colcon.colcon_core.package_discovery:discover_packages(path) using defaults
[1.229s] Level 1:colcon.colcon_core.package_discovery:discover_packages(prefix_path) check parameters
[1.229s] Level 1:colcon.colcon_core.package_discovery:discover_packages(prefix_path) discover
[1.243s] DEBUG:colcon.colcon_installed_package_information.package_discovery:Found 284 installed packages in /opt/ros/humble
[1.250s] Level 1:colcon.colcon_core.package_discovery:discover_packages(prefix_path) using defaults
[1.441s] Level 5:colcon.colcon_core.verb:set package 'mks_motor_control' build argument 'cmake_args' from command line to 'None'
[1.442s] Level 5:colcon.colcon_core.verb:set package 'mks_motor_control' build argument 'cmake_target' from command line to 'None'
[1.442s] Level 5:colcon.colcon_core.verb:set package 'mks_motor_control' build argument 'cmake_target_skip_unavailable' from command line to 'False'
[1.442s] Level 5:colcon.colcon_core.verb:set package 'mks_motor_control' build argument 'cmake_clean_cache' from command line to 'False'
[1.442s] Level 5:colcon.colcon_core.verb:set package 'mks_motor_control' build argument 'cmake_clean_first' from command line to 'False'
[1.442s] Level 5:colcon.colcon_core.verb:set package 'mks_motor_control' build argument 'cmake_force_configure' from command line to 'False'
[1.442s] Level 5:colcon.colcon_core.verb:set package 'mks_motor_control' build argument 'ament_cmake_args' from command line to 'None'
[1.442s] Level 5:colcon.colcon_core.verb:set package 'mks_motor_control' build argument 'catkin_cmake_args' from command line to 'None'
[1.442s] Level 5:colcon.colcon_core.verb:set package 'mks_motor_control' build argument 'catkin_skip_building_tests' from command line to 'False'
[1.442s] DEBUG:colcon.colcon_core.verb:Building package 'mks_motor_control' with the following arguments: {'ament_cmake_args': None, 'build_base': '/home/jarek/ros2_ws/build/mks_motor_control', 'catkin_cmake_args': None, 'catkin_skip_building_tests': False, 'cmake_args': None, 'cmake_clean_cache': False, 'cmake_clean_first': False, 'cmake_force_configure': False, 'cmake_target': None, 'cmake_target_skip_unavailable': False, 'install_base': '/home/jarek/ros2_ws/install/mks_motor_control', 'merge_install': False, 'path': '/home/jarek/ros2_ws/src/mks_motor_control', 'symlink_install': True, 'test_result_base': None}
[1.443s] INFO:colcon.colcon_core.executor:Executing jobs using 'parallel' executor
[1.446s] DEBUG:colcon.colcon_parallel_executor.executor.parallel:run_until_complete
[1.447s] INFO:colcon.colcon_ros.task.ament_python.build:Building ROS package in '/home/jarek/ros2_ws/src/mks_motor_control' with build type 'ament_python'
[1.447s] Level 1:colcon.colcon_core.shell:create_environment_hook('mks_motor_control', 'ament_prefix_path')
[1.456s] INFO:colcon.colcon_core.plugin_system:Skipping extension 'colcon_core.shell.bat': Not used on non-Windows systems
[1.457s] INFO:colcon.colcon_core.shell:Creating environment hook '/home/jarek/ros2_ws/install/mks_motor_control/share/mks_motor_control/hook/ament_prefix_path.ps1'
[1.460s] INFO:colcon.colcon_core.shell:Creating environment descriptor '/home/jarek/ros2_ws/install/mks_motor_control/share/mks_motor_control/hook/ament_prefix_path.dsv'
[1.462s] INFO:colcon.colcon_core.shell:Creating environment hook '/home/jarek/ros2_ws/install/mks_motor_control/share/mks_motor_control/hook/ament_prefix_path.sh'
[1.465s] INFO:colcon.colcon_core.shell:Skip shell extension 'powershell' for command environment: Not usable outside of PowerShell
[1.465s] DEBUG:colcon.colcon_core.shell:Skip shell extension 'dsv' for command environment
[2.529s] INFO:colcon.colcon_core.task.python.build:Building Python package in '/home/jarek/ros2_ws/src/mks_motor_control'
[2.530s] INFO:colcon.colcon_core.shell:Skip shell extension 'powershell' for command environment: Not usable outside of PowerShell
[2.530s] DEBUG:colcon.colcon_core.shell:Skip shell extension 'dsv' for command environment
[4.006s] DEBUG:colcon.colcon_core.event_handler.log_command:Invoking command in '/home/jarek/ros2_ws/build/mks_motor_control': PYTHONPATH=/home/jarek/ros2_ws/build/mks_motor_control/prefix_override:/usr/lib/python3/dist-packages/colcon_core/task/python/colcon_distutils_commands:/home/jarek/ros2_ws/install/mks_motor_control/lib/python3.10/site-packages:${PYTHONPATH} /usr/bin/python3 -W ignore:setup.py install is deprecated -W ignore:easy_install command is deprecated setup.py develop --editable --build-directory /home/jarek/ros2_ws/build/mks_motor_control/build --no-deps symlink_data
[5.794s] Level 1:colcon.colcon_core.shell:create_environment_hook('mks_motor_control', 'pythonpath_develop')
[5.795s] INFO:colcon.colcon_core.shell:Creating environment hook '/home/jarek/ros2_ws/build/mks_motor_control/share/mks_motor_control/hook/pythonpath_develop.ps1'
[5.796s] DEBUG:colcon.colcon_core.event_handler.log_command:Invoked command in '/home/jarek/ros2_ws/build/mks_motor_control' returned '0': PYTHONPATH=/home/jarek/ros2_ws/build/mks_motor_control/prefix_override:/usr/lib/python3/dist-packages/colcon_core/task/python/colcon_distutils_commands:/home/jarek/ros2_ws/install/mks_motor_control/lib/python3.10/site-packages:${PYTHONPATH} /usr/bin/python3 -W ignore:setup.py install is deprecated -W ignore:easy_install command is deprecated setup.py develop --editable --build-directory /home/jarek/ros2_ws/build/mks_motor_control/build --no-deps symlink_data
[5.798s] INFO:colcon.colcon_core.shell:Creating environment descriptor '/home/jarek/ros2_ws/build/mks_motor_control/share/mks_motor_control/hook/pythonpath_develop.dsv'
[5.800s] INFO:colcon.colcon_core.shell:Creating environment hook '/home/jarek/ros2_ws/build/mks_motor_control/share/mks_motor_control/hook/pythonpath_develop.sh'
[5.811s] Level 1:colcon.colcon_core.environment:checking '/home/jarek/ros2_ws/install/mks_motor_control' for CMake module files
[5.813s] Level 1:colcon.colcon_core.environment:checking '/home/jarek/ros2_ws/install/mks_motor_control' for CMake config files
[5.817s] Level 1:colcon.colcon_core.environment:checking '/home/jarek/ros2_ws/install/mks_motor_control/lib'
[5.818s] Level 1:colcon.colcon_core.environment:checking '/home/jarek/ros2_ws/install/mks_motor_control/bin'
[5.818s] Level 1:colcon.colcon_core.environment:checking '/home/jarek/ros2_ws/install/mks_motor_control/lib/pkgconfig/mks_motor_control.pc'
[5.819s] Level 1:colcon.colcon_core.environment:checking '/home/jarek/ros2_ws/install/mks_motor_control/lib/python3.10/site-packages'
[5.819s] Level 1:colcon.colcon_core.shell:create_environment_hook('mks_motor_control', 'pythonpath')
[5.820s] INFO:colcon.colcon_core.shell:Creating environment hook '/home/jarek/ros2_ws/install/mks_motor_control/share/mks_motor_control/hook/pythonpath.ps1'
[5.822s] INFO:colcon.colcon_core.shell:Creating environment descriptor '/home/jarek/ros2_ws/install/mks_motor_control/share/mks_motor_control/hook/pythonpath.dsv'
[5.823s] INFO:colcon.colcon_core.shell:Creating environment hook '/home/jarek/ros2_ws/install/mks_motor_control/share/mks_motor_control/hook/pythonpath.sh'
[5.826s] Level 1:colcon.colcon_core.environment:checking '/home/jarek/ros2_ws/install/mks_motor_control/bin'
[5.826s] Level 1:colcon.colcon_core.environment:create_environment_scripts_only(mks_motor_control)
[5.828s] INFO:colcon.colcon_core.shell:Creating package script '/home/jarek/ros2_ws/install/mks_motor_control/share/mks_motor_control/package.ps1'
[5.831s] INFO:colcon.colcon_core.shell:Creating package descriptor '/home/jarek/ros2_ws/install/mks_motor_control/share/mks_motor_control/package.dsv'
[5.834s] INFO:colcon.colcon_core.shell:Creating package script '/home/jarek/ros2_ws/install/mks_motor_control/share/mks_motor_control/package.sh'
[5.837s] INFO:colcon.colcon_core.shell:Creating package script '/home/jarek/ros2_ws/install/mks_motor_control/share/mks_motor_control/package.bash'
[5.839s] INFO:colcon.colcon_core.shell:Creating package script '/home/jarek/ros2_ws/install/mks_motor_control/share/mks_motor_control/package.zsh'
[5.842s] Level 1:colcon.colcon_core.environment:create_file_with_runtime_dependencies(/home/jarek/ros2_ws/install/mks_motor_control/share/colcon-core/packages/mks_motor_control)
[5.844s] DEBUG:colcon.colcon_parallel_executor.executor.parallel:closing loop
[5.845s] DEBUG:colcon.colcon_parallel_executor.executor.parallel:loop closed
[5.845s] DEBUG:colcon.colcon_parallel_executor.executor.parallel:run_until_complete finished with '0'
[5.846s] DEBUG:colcon.colcon_core.event_reactor:joining thread
[5.865s] INFO:colcon.colcon_core.plugin_system:Skipping extension 'colcon_notification.desktop_notification.notify_send': Could not find 'notify-send'
[5.865s] INFO:colcon.colcon_core.plugin_system:Skipping extension 'colcon_notification.desktop_notification.terminal_notifier': Not used on non-Darwin systems
[5.865s] INFO:colcon.colcon_core.plugin_system:Skipping extension 'colcon_notification.desktop_notification.win32': Not used on non-Windows systems
[5.865s] INFO:colcon.colcon_notification.desktop_notification:Sending desktop notification using 'notify2'
[5.869s] DEBUG:colcon.colcon_notification.desktop_notification.notify2:Failed to initialize notify2: org.freedesktop.DBus.Error.ServiceUnknown: The name org.freedesktop.Notifications was not provided by any .service files
[5.869s] DEBUG:colcon.colcon_core.event_reactor:joined thread
[5.870s] INFO:colcon.colcon_core.shell:Creating prefix script '/home/jarek/ros2_ws/install/local_setup.ps1'
[5.873s] INFO:colcon.colcon_core.shell:Creating prefix util module '/home/jarek/ros2_ws/install/_local_setup_util_ps1.py'
[5.878s] INFO:colcon.colcon_core.shell:Creating prefix chain script '/home/jarek/ros2_ws/install/setup.ps1'
[5.882s] INFO:colcon.colcon_core.shell:Creating prefix script '/home/jarek/ros2_ws/install/local_setup.sh'
[5.885s] INFO:colcon.colcon_core.shell:Creating prefix util module '/home/jarek/ros2_ws/install/_local_setup_util_sh.py'
[5.887s] INFO:colcon.colcon_core.shell:Creating prefix chain script '/home/jarek/ros2_ws/install/setup.sh'
[5.892s] INFO:colcon.colcon_core.shell:Creating prefix script '/home/jarek/ros2_ws/install/local_setup.bash'
[5.894s] INFO:colcon.colcon_core.shell:Creating prefix chain script '/home/jarek/ros2_ws/install/setup.bash'
[5.897s] INFO:colcon.colcon_core.shell:Creating prefix script '/home/jarek/ros2_ws/install/local_setup.zsh'
[5.899s] INFO:colcon.colcon_core.shell:Creating prefix chain script '/home/jarek/ros2_ws/install/setup.zsh'
