[2.557s] Invoking command in '/home/jarek/ros2_ws/build/mks_motor_control': PYTHONPATH=/home/jarek/ros2_ws/build/mks_motor_control/prefix_override:/usr/lib/python3/dist-packages/colcon_core/task/python/colcon_distutils_commands:/home/jarek/ros2_ws/install/mks_motor_control/lib/python3.10/site-packages:${PYTHONPATH} /usr/bin/python3 -W ignore:setup.py install is deprecated -W ignore:easy_install command is deprecated setup.py develop --editable --build-directory /home/jarek/ros2_ws/build/mks_motor_control/build --no-deps symlink_data
[3.585s] running develop
[4.187s] running egg_info
[4.187s] creating mks_motor_control.egg-info
[4.188s] writing mks_motor_control.egg-info/PKG-INFO
[4.189s] writing dependency_links to mks_motor_control.egg-info/dependency_links.txt
[4.189s] writing entry points to mks_motor_control.egg-info/entry_points.txt
[4.190s] writing requirements to mks_motor_control.egg-info/requires.txt
[4.190s] writing top-level names to mks_motor_control.egg-info/top_level.txt
[4.191s] writing manifest file 'mks_motor_control.egg-info/SOURCES.txt'
[4.197s] reading manifest file 'mks_motor_control.egg-info/SOURCES.txt'
[4.200s] writing manifest file 'mks_motor_control.egg-info/SOURCES.txt'
[4.206s] running build_ext
[4.206s] Creating /home/jarek/ros2_ws/install/mks_motor_control/lib/python3.10/site-packages/mks-motor-control.egg-link (link to .)
[4.210s] Installing motor_driver script to /home/jarek/ros2_ws/install/mks_motor_control/lib/mks_motor_control
[4.210s] Installing motor_driver_speed script to /home/jarek/ros2_ws/install/mks_motor_control/lib/mks_motor_control
[4.212s] 
[4.212s] Installed /home/jarek/ros2_ws/build/mks_motor_control
[4.213s] running symlink_data
[4.213s] creating /home/jarek/ros2_ws/install/mks_motor_control/share/ament_index
[4.213s] creating /home/jarek/ros2_ws/install/mks_motor_control/share/ament_index/resource_index
[4.214s] creating /home/jarek/ros2_ws/install/mks_motor_control/share/ament_index/resource_index/packages
[4.214s] symbolically linking /home/jarek/ros2_ws/build/mks_motor_control/resource/mks_motor_control -> /home/jarek/ros2_ws/install/mks_motor_control/share/ament_index/resource_index/packages
[4.215s] symbolically linking /home/jarek/ros2_ws/build/mks_motor_control/package.xml -> /home/jarek/ros2_ws/install/mks_motor_control/share/mks_motor_control
[4.215s] creating /home/jarek/ros2_ws/install/mks_motor_control/share/mks_motor_control/launch
[4.216s] symbolically linking /home/jarek/ros2_ws/build/mks_motor_control/launch/display_robot.launch.py -> /home/jarek/ros2_ws/install/mks_motor_control/share/mks_motor_control/launch
[4.216s] symbolically linking /home/jarek/ros2_ws/build/mks_motor_control/launch/controller_launch.py -> /home/jarek/ros2_ws/install/mks_motor_control/share/mks_motor_control/launch
[4.217s] symbolically linking /home/jarek/ros2_ws/build/mks_motor_control/launch/motor_driver_complete.launch.py -> /home/jarek/ros2_ws/install/mks_motor_control/share/mks_motor_control/launch
[4.217s] creating /home/jarek/ros2_ws/install/mks_motor_control/share/mks_motor_control/urdf
[4.218s] symbolically linking /home/jarek/ros2_ws/build/mks_motor_control/mks_motor_control/URDF/two_wheel_robot.urdf -> /home/jarek/ros2_ws/install/mks_motor_control/share/mks_motor_control/urdf
[4.218s] creating /home/jarek/ros2_ws/install/mks_motor_control/share/mks_motor_control/config
[4.219s] symbolically linking /home/jarek/ros2_ws/build/mks_motor_control/mks_motor_control/config/controller.yaml -> /home/jarek/ros2_ws/install/mks_motor_control/share/mks_motor_control/config
[4.347s] Invoked command in '/home/jarek/ros2_ws/build/mks_motor_control' returned '0': PYTHONPATH=/home/jarek/ros2_ws/build/mks_motor_control/prefix_override:/usr/lib/python3/dist-packages/colcon_core/task/python/colcon_distutils_commands:/home/jarek/ros2_ws/install/mks_motor_control/lib/python3.10/site-packages:${PYTHONPATH} /usr/bin/python3 -W ignore:setup.py install is deprecated -W ignore:easy_install command is deprecated setup.py develop --editable --build-directory /home/jarek/ros2_ws/build/mks_motor_control/build --no-deps symlink_data
