[2.585s] Invoking command in '/home/jarek/ros2_ws/build/mks_motor_control': PYTHONPATH=/home/jarek/ros2_ws/build/mks_motor_control/prefix_override:/usr/lib/python3/dist-packages/colcon_core/task/python/colcon_distutils_commands:/home/jarek/ros2_ws/install/mks_motor_control/lib/python3.10/site-packages:${PYTHONPATH} /usr/bin/python3 -W ignore:setup.py install is deprecated -W ignore:easy_install command is deprecated setup.py develop --editable --build-directory /home/jarek/ros2_ws/build/mks_motor_control/build --no-deps symlink_data
[3.625s] running develop
[4.237s] running egg_info
[4.238s] writing mks_motor_control.egg-info/PKG-INFO
[4.239s] writing dependency_links to mks_motor_control.egg-info/dependency_links.txt
[4.240s] writing entry points to mks_motor_control.egg-info/entry_points.txt
[4.240s] writing requirements to mks_motor_control.egg-info/requires.txt
[4.241s] writing top-level names to mks_motor_control.egg-info/top_level.txt
[4.248s] reading manifest file 'mks_motor_control.egg-info/SOURCES.txt'
[4.251s] writing manifest file 'mks_motor_control.egg-info/SOURCES.txt'
[4.257s] running build_ext
[4.258s] Creating /home/jarek/ros2_ws/install/mks_motor_control/lib/python3.10/site-packages/mks-motor-control.egg-link (link to .)
[4.261s] Installing motor_driver script to /home/jarek/ros2_ws/install/mks_motor_control/lib/mks_motor_control
[4.262s] Installing motor_driver_speed script to /home/jarek/ros2_ws/install/mks_motor_control/lib/mks_motor_control
[4.263s] 
[4.264s] Installed /home/jarek/ros2_ws/build/mks_motor_control
[4.264s] running symlink_data
[4.265s] symbolically linking /home/jarek/ros2_ws/build/mks_motor_control/launch/nav2_bringup.launch.py -> /home/jarek/ros2_ws/install/mks_motor_control/share/mks_motor_control/launch
[4.266s] symbolically linking /home/jarek/ros2_ws/build/mks_motor_control/mks_motor_control/config/nav2_params.yaml -> /home/jarek/ros2_ws/install/mks_motor_control/share/mks_motor_control/config
[4.267s] symbolically linking /home/jarek/ros2_ws/build/mks_motor_control/mks_motor_control/config/slam_toolbox.yaml -> /home/jarek/ros2_ws/install/mks_motor_control/share/mks_motor_control/config
[4.398s] Invoked command in '/home/jarek/ros2_ws/build/mks_motor_control' returned '0': PYTHONPATH=/home/jarek/ros2_ws/build/mks_motor_control/prefix_override:/usr/lib/python3/dist-packages/colcon_core/task/python/colcon_distutils_commands:/home/jarek/ros2_ws/install/mks_motor_control/lib/python3.10/site-packages:${PYTHONPATH} /usr/bin/python3 -W ignore:setup.py install is deprecated -W ignore:easy_install command is deprecated setup.py develop --editable --build-directory /home/jarek/ros2_ws/build/mks_motor_control/build --no-deps symlink_data
